2021-06-03 13:09:18.637  INFO 16592 --- [main] .FlightreservationapplicationApplication : Starting FlightreservationapplicationApplication using Java 16.0.1 on DESKTOP-UL715GD with PID 16592 (C:\Users\ajitp\IdeaProjects\flightreservationapplication\target\classes started by ajitp in C:\Users\ajitp\IdeaProjects\flightreservationapplication)
2021-06-03 13:09:18.640  INFO 16592 --- [main] .FlightreservationapplicationApplication : No active profile set, falling back to default profiles: default
2021-06-03 13:09:19.654  INFO 16592 --- [main] .s.d.r.c.RepositoryConfigurationDelegate : Bootstrapping Spring Data JPA repositories in DEFAULT mode.
2021-06-03 13:09:19.742  INFO 16592 --- [main] .s.d.r.c.RepositoryConfigurationDelegate : Finished Spring Data repository scanning in 82 ms. Found 4 JPA repository interfaces.
2021-06-03 13:09:20.231  INFO 16592 --- [main] o.s.b.w.embedded.tomcat.TomcatWebServer  : Tomcat initialized with port(s): 8080 (http)
2021-06-03 13:09:20.281  INFO 16592 --- [main] o.apache.catalina.core.StandardService   : Starting service [Tomcat]
2021-06-03 13:09:20.286  INFO 16592 --- [main] org.apache.catalina.core.StandardEngine  : Starting Servlet engine: [Apache Tomcat/9.0.46]
2021-06-03 13:09:20.622  INFO 16592 --- [main] org.apache.jasper.servlet.TldScanner     : At least one JAR was scanned for TLDs yet contained no TLDs. Enable debug logging for this logger for a complete list of JARs that were scanned but no TLDs were found in them. Skipping unneeded JARs during scanning can improve startup time and JSP compilation time.
2021-06-03 13:09:20.632  INFO 16592 --- [main] o.a.c.c.C.[Tomcat].[localhost].[/]       : Initializing Spring embedded WebApplicationContext
2021-06-03 13:09:20.633  INFO 16592 --- [main] w.s.c.ServletWebServerApplicationContext : Root WebApplicationContext: initialization completed in 1933 ms
2021-06-03 13:09:20.730  INFO 16592 --- [main] com.zaxxer.hikari.HikariDataSource       : HikariPool-1 - Starting...
2021-06-03 13:09:21.005  INFO 16592 --- [main] com.zaxxer.hikari.HikariDataSource       : HikariPool-1 - Start completed.
2021-06-03 13:09:21.044  INFO 16592 --- [main] o.hibernate.jpa.internal.util.LogHelper  : HHH000204: Processing PersistenceUnitInfo [name: default]
2021-06-03 13:09:21.077  INFO 16592 --- [main] org.hibernate.Version                    : HHH000412: Hibernate ORM core version 5.4.31.Final
2021-06-03 13:09:21.175  INFO 16592 --- [main] o.hibernate.annotations.common.Version   : HCANN000001: Hibernate Commons Annotations {5.1.2.Final}
2021-06-03 13:09:21.275  INFO 16592 --- [main] org.hibernate.dialect.Dialect            : HHH000400: Using dialect: org.hibernate.dialect.MySQL8Dialect
2021-06-03 13:09:21.675  INFO 16592 --- [main] o.h.e.t.j.p.i.JtaPlatformInitiator       : HHH000490: Using JtaPlatform implementation: [org.hibernate.engine.transaction.jta.platform.internal.NoJtaPlatform]
2021-06-03 13:09:21.683  INFO 16592 --- [main] j.LocalContainerEntityManagerFactoryBean : Initialized JPA EntityManagerFactory for persistence unit 'default'
2021-06-03 13:09:22.111  WARN 16592 --- [main] JpaBaseConfiguration$JpaWebConfiguration : spring.jpa.open-in-view is enabled by default. Therefore, database queries may be performed during view rendering. Explicitly configure spring.jpa.open-in-view to disable this warning
2021-06-03 13:09:22.298  INFO 16592 --- [main] o.s.b.a.w.s.WelcomePageHandlerMapping    : Adding welcome page: ServletContext resource [/index.html]
2021-06-03 13:09:22.613  INFO 16592 --- [main] o.s.b.w.embedded.tomcat.TomcatWebServer  : Tomcat started on port(s): 8080 (http) with context path ''
2021-06-03 13:09:22.630  INFO 16592 --- [main] .FlightreservationapplicationApplication : Started FlightreservationapplicationApplication in 4.484 seconds (JVM running for 5.285)
2021-06-03 13:09:22.631  INFO 16592 --- [main] o.s.b.a.ApplicationAvailabilityBean      : Application availability state LivenessState changed to CORRECT
2021-06-03 13:09:22.633  INFO 16592 --- [main] o.s.b.a.ApplicationAvailabilityBean      : Application availability state ReadinessState changed to ACCEPTING_TRAFFIC
2021-06-03 13:09:25.532  INFO 16592 --- [http-nio-8080-exec-1] o.a.c.c.C.[Tomcat].[localhost].[/]       : Initializing Spring DispatcherServlet 'dispatcherServlet'
2021-06-03 13:09:25.533  INFO 16592 --- [http-nio-8080-exec-1] o.s.web.servlet.DispatcherServlet        : Initializing Servlet 'dispatcherServlet'
2021-06-03 13:09:25.534  INFO 16592 --- [http-nio-8080-exec-1] o.s.web.servlet.DispatcherServlet        : Completed initialization in 1 ms
2021-06-03 13:09:25.552  INFO 16592 --- [http-nio-8080-exec-1] c.a.f.controller.UserController          : inside showLoginPage()
2021-06-03 13:09:30.769  INFO 16592 --- [http-nio-8080-exec-6] c.a.f.controller.UserController          : Inside login() and the email is:raman@gmail.com
